<?xml version="1.0" encoding="UTF-8"?>
<!-- Generated by org.testng.reporters.JUnitReportReporter -->
<testsuite hostname="Kiran-PC" failures="0" tests="1" name="scripts.Tc1" time="0.060" errors="0" timestamp="2022-12-30T12:17:18 IST" skipped="0">
  <testcase classname="scripts.Tc1" name="demo" time="0.060"/>
  <system-out>
    <![CDATA[hello java]]>
  </system-out>
</testsuite> <!-- scripts.Tc1 -->
